  game.cpp
D:\Dev\Projects\DoodleJump\DoodleJump\src\Components\BasicComponents.h(14,16): error C2059: syntax error: ')'
D:\Dev\Projects\DoodleJump\DoodleJump\src\Components\BasicComponents.h(14,27): error C2238: unexpected token(s) preceding ';'
D:\Dev\Projects\DoodleJump\DoodleJump\src\Components\BasicComponents.h(15,16): error C2059: syntax error: 'const'
D:\Dev\Projects\DoodleJump\DoodleJump\src\Components\BasicComponents.h(15,51): error C2334: unexpected token(s) preceding ':'; skipping apparent function body
D:\Dev\Projects\DoodleJump\DoodleJump\src\game.cpp(115,1): fatal  error C1004: unexpected end-of-file found
  Scene.cpp
D:\Dev\Projects\DoodleJump\DoodleJump\src\Components\BasicComponents.h(14,16): error C2059: syntax error: ')'
D:\Dev\Projects\DoodleJump\DoodleJump\src\Components\BasicComponents.h(14,27): error C2238: unexpected token(s) preceding ';'
D:\Dev\Projects\DoodleJump\DoodleJump\src\Components\BasicComponents.h(15,16): error C2059: syntax error: 'const'
D:\Dev\Projects\DoodleJump\DoodleJump\src\Components\BasicComponents.h(15,51): error C2334: unexpected token(s) preceding ':'; skipping apparent function body
C:\Program Files\Microsoft Visual Studio\2022\Community\VC\Tools\MSVC\14.36.32532\include\xpolymorphic_allocator.h(23,1): error C2059: syntax error: 'namespace'
C:\Program Files\Microsoft Visual Studio\2022\Community\VC\Tools\MSVC\14.36.32532\include\xpolymorphic_allocator.h(23,1): error C2334: unexpected token(s) preceding '{'; skipping apparent function body
C:\Program Files\Microsoft Visual Studio\2022\Community\VC\Tools\MSVC\14.36.32532\include\__msvc_sanitizer_annotate_container.hpp(59,9): warning C4384: #pragma 'detect_mismatch' should only be used at global scope
C:\Program Files\Microsoft Visual Studio\2022\Community\VC\Tools\MSVC\14.36.32532\include\__msvc_sanitizer_annotate_container.hpp(62,9): warning C4384: #pragma 'detect_mismatch' should only be used at global scope
C:\Program Files\Microsoft Visual Studio\2022\Community\VC\Tools\MSVC\14.36.32532\include\__msvc_sanitizer_annotate_container.hpp(77,8): error C2059: syntax error: 'string'
C:\Program Files\Microsoft Visual Studio\2022\Community\VC\Tools\MSVC\14.36.32532\include\__msvc_sanitizer_annotate_container.hpp(77,12): error C2334: unexpected token(s) preceding '{'; skipping apparent function body
C:\Program Files\Microsoft Visual Studio\2022\Community\VC\Tools\MSVC\14.36.32532\include\vector(26,1): error C2059: syntax error: 'namespace'
C:\Program Files\Microsoft Visual Studio\2022\Community\VC\Tools\MSVC\14.36.32532\include\vector(26,1): error C2334: unexpected token(s) preceding '{'; skipping apparent function body
D:\Dev\Projects\DoodleJump\DoodleJump\src\World\Scene.h(11,7): error C2039: 'vector': is not a member of 'std'
C:\Program Files\Microsoft Visual Studio\2022\Community\VC\Tools\MSVC\14.36.32532\include\memory(28,1): message : see declaration of 'std'
D:\Dev\Projects\DoodleJump\DoodleJump\src\World\Scene.h(11,13): error C7568: argument list missing after assumed function template 'vector'
D:\Dev\Projects\DoodleJump\DoodleJump\src\World\Scene.h(11,22): error C2062: type 'unknown-type' unexpected
D:\Dev\Projects\DoodleJump\DoodleJump\src\World\Scene.h(11,29): error C2238: unexpected token(s) preceding ';'
D:\Dev\Projects\DoodleJump\DoodleJump\src\World\Scene.cpp(3,13): error C3254: 'SceneComponent': class contains explicit override 'Tick' but does not derive from an interface that contains the function declaration
D:\Dev\Projects\DoodleJump\DoodleJump\src\World\Scene.cpp(3,13): error C2838: 'Tick': illegal qualified name in member declaration
D:\Dev\Projects\DoodleJump\DoodleJump\src\World\Scene.cpp(7,1): fatal  error C1004: unexpected end-of-file found
  World.cpp
D:\Dev\Projects\DoodleJump\DoodleJump\src\Components\BasicComponents.h(14,16): error C2059: syntax error: ')'
D:\Dev\Projects\DoodleJump\DoodleJump\src\Components\BasicComponents.h(14,27): error C2238: unexpected token(s) preceding ';'
D:\Dev\Projects\DoodleJump\DoodleJump\src\Components\BasicComponents.h(15,16): error C2059: syntax error: 'const'
D:\Dev\Projects\DoodleJump\DoodleJump\src\Components\BasicComponents.h(15,51): error C2334: unexpected token(s) preceding ':'; skipping apparent function body
C:\Program Files\Microsoft Visual Studio\2022\Community\VC\Tools\MSVC\14.36.32532\include\xpolymorphic_allocator.h(23,1): error C2059: syntax error: 'namespace'
C:\Program Files\Microsoft Visual Studio\2022\Community\VC\Tools\MSVC\14.36.32532\include\xpolymorphic_allocator.h(23,1): error C2334: unexpected token(s) preceding '{'; skipping apparent function body
C:\Program Files\Microsoft Visual Studio\2022\Community\VC\Tools\MSVC\14.36.32532\include\__msvc_sanitizer_annotate_container.hpp(59,9): warning C4384: #pragma 'detect_mismatch' should only be used at global scope
C:\Program Files\Microsoft Visual Studio\2022\Community\VC\Tools\MSVC\14.36.32532\include\__msvc_sanitizer_annotate_container.hpp(62,9): warning C4384: #pragma 'detect_mismatch' should only be used at global scope
C:\Program Files\Microsoft Visual Studio\2022\Community\VC\Tools\MSVC\14.36.32532\include\__msvc_sanitizer_annotate_container.hpp(77,8): error C2059: syntax error: 'string'
C:\Program Files\Microsoft Visual Studio\2022\Community\VC\Tools\MSVC\14.36.32532\include\__msvc_sanitizer_annotate_container.hpp(77,12): error C2334: unexpected token(s) preceding '{'; skipping apparent function body
C:\Program Files\Microsoft Visual Studio\2022\Community\VC\Tools\MSVC\14.36.32532\include\vector(26,1): error C2059: syntax error: 'namespace'
C:\Program Files\Microsoft Visual Studio\2022\Community\VC\Tools\MSVC\14.36.32532\include\vector(26,1): error C2334: unexpected token(s) preceding '{'; skipping apparent function body
D:\Dev\Projects\DoodleJump\DoodleJump\src\World\Scene.h(11,7): error C2039: 'vector': is not a member of 'std'
C:\Program Files\Microsoft Visual Studio\2022\Community\VC\Tools\MSVC\14.36.32532\include\memory(28,1): message : see declaration of 'std'
D:\Dev\Projects\DoodleJump\DoodleJump\src\World\Scene.h(11,13): error C7568: argument list missing after assumed function template 'vector'
D:\Dev\Projects\DoodleJump\DoodleJump\src\World\Scene.h(11,22): error C2062: type 'unknown-type' unexpected
D:\Dev\Projects\DoodleJump\DoodleJump\src\World\Scene.h(11,29): error C2238: unexpected token(s) preceding ';'
D:\Dev\Projects\DoodleJump\DoodleJump\src\World\World.h(26,7): error C2039: 'vector': is not a member of 'std'
C:\Program Files\Microsoft Visual Studio\2022\Community\VC\Tools\MSVC\14.36.32532\include\memory(28,1): message : see declaration of 'std'
D:\Dev\Projects\DoodleJump\DoodleJump\src\World\World.h(26,13): error C7568: argument list missing after assumed function template 'vector'
D:\Dev\Projects\DoodleJump\DoodleJump\src\World\World.h(26,38): error C2062: type 'unknown-type' unexpected
D:\Dev\Projects\DoodleJump\DoodleJump\src\World\World.h(26,44): error C2238: unexpected token(s) preceding ';'
D:\Dev\Projects\DoodleJump\DoodleJump\src\World\World.cpp(3,13): error C3254: 'SceneComponent': class contains explicit override 'Update' but does not derive from an interface that contains the function declaration
D:\Dev\Projects\DoodleJump\DoodleJump\src\World\World.cpp(3,13): error C2838: 'Update': illegal qualified name in member declaration
D:\Dev\Projects\DoodleJump\DoodleJump\src\World\World.cpp(7,1): fatal  error C1004: unexpected end-of-file found
  Generating Code...
